======>数据库连接成功......
======>数据库连接成功......
====> xshdb数据库连接成功......
====> xshdb数据库连接成功......
[0mGET /admin/index.html [36m304 [0m5.272 ms - -[0m
[0mGET /admin/plugins/bootstrap/bootstrap.css [36m304 [0m5.677 ms - -[0m
[0mGET /admin/plugins/jquery-ui/jquery-ui.min.css [36m304 [0m5.601 ms - -[0m
[0mGET /admin/plugins/fancybox/jquery.fancybox.css [36m304 [0m3.411 ms - -[0m
[0mGET /admin/plugins/xcharts/xcharts.min.css [36m304 [0m3.770 ms - -[0m
[0mGET /admin/plugins/select2/select2.css [36m304 [0m3.855 ms - -[0m
[0mGET /admin/plugins/fullcalendar/fullcalendar.css [36m304 [0m6.048 ms - -[0m
[0mGET /admin/css/main.min.css [36m304 [0m3.739 ms - -[0m
[0mGET /admin/plugins/jquery/jquery-2.1.0.min.js [36m304 [0m2.287 ms - -[0m
[0mGET /admin/plugins/jquery-ui/jquery-ui.min.js [36m304 [0m0.970 ms - -[0m
[0mGET /admin/plugins/bootstrap/bootstrap.min.js [36m304 [0m3.376 ms - -[0m
[0mGET /admin/plugins/tinymce/tinymce.min.js [36m304 [0m7.319 ms - -[0m
[0mGET /admin/plugins/justified-gallery/jquery.justifiedgallery.min.js [36m304 [0m10.535 ms - -[0m
[0mGET /admin/plugins/tinymce/jquery.tinymce.min.js [36m304 [0m9.573 ms - -[0m
[0mGET /admin/js/main.js [36m304 [0m8.224 ms - -[0m
[0mGET /admin/img/avatar.jpg [36m304 [0m7.235 ms - -[0m
[0mGET /admin/img/loading.GIF [36m304 [0m5.875 ms - -[0m
[0mGET /admin/img/devoops_pattern_b10.png [36m304 [0m0.655 ms - -[0m
[0mGET /admin/img/logo.png [36m304 [0m2.997 ms - -[0m
[0mGET /admin/ajax/system_user.html [36m304 [0m0.928 ms - -[0m
[0mGET /all/useres [32m200 [0m7.891 ms - -[0m
[0mGET /admin/plugins/datatables/jquery.dataTables.10.js?_=1451149077697 [32m200 [0m3.512 ms - 428565[0m
[0mGET /admin/plugins/datatables/ZeroClipboard.js?_=1451149077698 [32m200 [0m1.603 ms - 11419[0m
[0mGET /admin/plugins/datatables/TableTools.js?_=1451149077699 [32m200 [0m1.426 ms - 64139[0m
[0mGET /admin/plugins/datatables/dataTables.bootstrap.js?_=1451149077700 [32m200 [0m1.153 ms - 4268[0m
[0mGET /admin/img/sort.png [32m200 [0m55.790 ms - 1060[0m
[0mGET /admin/img/sort-asc.png [32m200 [0m62.119 ms - 1022[0m
[0mGET /all/dept [32m200 [0m83.956 ms - -[0m
[0mGET /all/role [32m200 [0m31.869 ms - -[0m
[0mGET /all/user_status [32m200 [0m70.327 ms - -[0m
[0mGET /admin/plugins/select2/select2.min.js?_=1451149077701 [32m200 [0m1.977 ms - 60743[0m
[0mGET /admin/plugins/select2/select2.min.js?_=1451149077702 [32m200 [0m2.596 ms - 60743[0m
[0mGET /admin/plugins/select2/select2.png [32m200 [0m2.362 ms - 613[0m
[0mGET /admin/ajax/system_major.html [32m200 [0m51.344 ms - 4722[0m
[0mGET /admin/plugins/datatables/jquery.dataTables.10.js?_=1451149077703 [32m200 [0m2.314 ms - 428565[0m
[0mGET /admin/plugins/datatables/ZeroClipboard.js?_=1451149077704 [32m200 [0m0.882 ms - 11419[0m
[0mGET /admin/plugins/datatables/TableTools.js?_=1451149077705 [32m200 [0m0.938 ms - 64139[0m
[0mGET /all/major [32m200 [0m50.549 ms - -[0m
[0mGET /admin/plugins/datatables/dataTables.bootstrap.js?_=1451149077706 [32m200 [0m4.751 ms - 4268[0m
[0mGET /admin/plugins/datatables/jquery.dataTables.10.js?_=1451149077707 [32m200 [0m1.584 ms - 428565[0m
[0mGET /admin/plugins/datatables/ZeroClipboard.js?_=1451149077708 [32m200 [0m1.402 ms - 11419[0m
[0mGET /admin/plugins/datatables/TableTools.js?_=1451149077709 [32m200 [0m1.407 ms - 64139[0m
[0mGET /admin/plugins/datatables/dataTables.bootstrap.js?_=1451149077710 [32m200 [0m0.961 ms - 4268[0m
[0mGET /admin/ajax/system_dept.html [32m200 [0m169.250 ms - 4757[0m
[0mGET /all/dept [32m200 [0m1.962 ms - -[0m
[0mGET /admin/plugins/datatables/jquery.dataTables.10.js?_=1451149077711 [32m200 [0m3.427 ms - 428565[0m
[0mGET /admin/plugins/datatables/jquery.dataTables.10.js?_=1451149077712 [32m200 [0m7.338 ms - 428565[0m
[0mGET /admin/plugins/datatables/ZeroClipboard.js?_=1451149077713 [32m200 [0m1.588 ms - 11419[0m
[0mGET /admin/plugins/datatables/ZeroClipboard.js?_=1451149077714 [32m200 [0m1.830 ms - 11419[0m
[0mGET /admin/plugins/datatables/TableTools.js?_=1451149077715 [32m200 [0m1.936 ms - 64139[0m
[0mGET /admin/plugins/datatables/TableTools.js?_=1451149077716 [32m200 [0m1.986 ms - 64139[0m
[0mGET /admin/plugins/datatables/dataTables.bootstrap.js?_=1451149077717 [32m200 [0m1.711 ms - 4268[0m
[0mGET /admin/plugins/datatables/dataTables.bootstrap.js?_=1451149077718 [32m200 [0m1.641 ms - 4268[0m
[0mGET /all/student [32m200 [0m53.724 ms - -[0m
[0mGET /admin/plugins/tinymce/themes/modern/theme.min.js [32m200 [0m17.428 ms - 6239[0m
[0mGET /admin/plugins/tinymce/skins/lightgray/skin.min.css [32m200 [0m15.151 ms - 32638[0m
[0mGET /admin/plugins/tinymce/skins/lightgray/content.min.css [32m200 [0m15.894 ms - 1455[0m
joinTable ====>undefined
req.query=====>[object Object]
sql=====>
自定义查询失败 ：
====>ER_EMPTY_QUERY: Query was empty
[0mGET /front/getUseres [32m200 [0m15.304 ms - -[0m
joinTable ====>student
req.query=====>[object Object]
sql=====>select * from useres join student on student.id = useres.stu_id where status_id = 2
自定义查询失败 ：
====>Cannot enqueue Query after invoking quit.
======>数据库连接成功......
======>数据库连接成功......
====> xshdb数据库连接成功......
====> xshdb数据库连接成功......
======>数据库连接成功......
======>数据库连接成功......
====> xshdb数据库连接成功......
====> xshdb数据库连接成功......
joinTable ====>student
req.query=====>[object Object]
sql=====>select * from useres join student on student.id = useres.stu_id where status_id = 2
[0mGET /front/getUseres?joinTable=student [32m200 [0m12.377 ms - -[0m
joinTable ====>dept
req.query=====>[object Object]
sql=====>select * from useres join dept on dept.id = useres.dept_id where status_id = 2
[0mGET /front/getUseres?joinTable=dept [32m200 [0m5.593 ms - -[0m
[0mGET /FRONT/pages/contact/contact.html [36m304 [0m3.611 ms - -[0m
joinTable ====>student
req.query=====>[object Object]
sql=====>select * from useres join student on student.id = useres.stu_id where status_id = 2
[0mGET /front/getUseres?joinTable=student [32m200 [0m2.758 ms - -[0m
[0mGET /FRONT/pages/attendence/work-attendance.html [36m304 [0m1.089 ms - -[0m
[0mGET /FRONT/pages/attendence/meeting-check.html [32m200 [0m34.416 ms - 1587[0m
[0mGET /FRONT/jsondata/meeting.json [32m200 [0m18.498 ms - 715[0m
[0mGET /favicon.ico [33m404 [0m667.042 ms - 895[0m
joinTable ====>dept
req.query=====>[object Object]
sql=====>select * from useres join dept on dept.id = useres.dept_id where status_id = 2
[0mGET /front/getUseres?joinTable=dept [32m200 [0m4.625 ms - -[0m
[0mGET /favicon.ico [33m404 [0m34.763 ms - 895[0m
======>数据库连接成功......
======>数据库连接成功......
====> xshdb数据库连接成功......
====> xshdb数据库连接成功......
joinTable ====>dept
req.query=====>[object Object]
sql=====>select * from useres join dept on dept.id = useres.dept_id join student on student.id = useres.stu_id where status_id = 2
[0mGET /front/getUseres?joinTable=dept [32m200 [0m9.211 ms - -[0m
[0mGET /FRONT/index.html [36m304 [0m4.164 ms - -[0m
[0mGET /FRONT/css/reset.min.css [36m304 [0m1.613 ms - -[0m
[0mGET /FRONT/css/framework7.min.css [36m304 [0m2.124 ms - -[0m
[0mGET /FRONT/css/mystyle.css [36m304 [0m2.668 ms - -[0m
[0mGET /FRONT/js/jquery-1.7.2.min.js [36m304 [0m1.156 ms - -[0m
[0mGET /FRONT/img/icon/reminders.png [36m304 [0m3.228 ms - -[0m
[0mGET /FRONT/img/icon/textedit.png [36m304 [0m2.945 ms - -[0m
[0mGET /FRONT/img/icon/message.png [36m304 [0m24.034 ms - -[0m
[0mGET /FRONT/img/icon/finder.png [36m304 [0m21.308 ms - -[0m
[0mGET /FRONT/favicon.ico [36m304 [0m5.597 ms - -[0m
[0mGET /FRONT/img/icon/ibook.png [36m304 [0m24.963 ms - -[0m
[0mGET /FRONT/img/icon/tips.png [36m304 [0m23.404 ms - -[0m
[0mGET /FRONT/favicon.ico [36m304 [0m0.702 ms - -[0m
[0mGET /FRONT/img/301.GIF [36m304 [0m1.564 ms - -[0m
[0mGET /FRONT/favicon.ico [36m304 [0m0.823 ms - -[0m
[0mGET /FRONT/favicon.ico [36m304 [0m0.621 ms - -[0m
[0mGET /FRONT/js/main.js?_=1451150704814 [32m200 [0m3.429 ms - 10330[0m
[0mGET /FRONT/js/jquery.cookie.js?_=1451150704926 [32m200 [0m2.579 ms - 3121[0m
[0mGET /FRONT/js/framework7.min.js?_=1451150704979 [32m200 [0m1.482 ms - 211925[0m
[0mGET /FRONT/js/framework7.min.js.map [33m404 [0m633.395 ms - 895[0m
[0mGET /FRONT/js/my-app.js?_=1451150705702 [32m200 [0m1.645 ms - 27212[0m
[0mGET /FRONT/template/templates.tpl [32m200 [0m1.887 ms - 14546[0m
[0mGET /FRONT/img/loading-gray.GIF [36m304 [0m1.619 ms - -[0m
[0mGET /FRONT/jsondata/user.json?username=201286250124&password=123456 [36m304 [0m1.771 ms - -[0m
[0mGET /FRONT/pages/attendence/work-attendance.html [36m304 [0m0.817 ms - -[0m
[0mGET /FRONT/pages/attendence/meeting-check.html [36m304 [0m0.734 ms - -[0m
joinTable ====>dept
req.query=====>[object Object]
sql=====>select * from useres join dept on dept.id = useres.dept_id join student on student.id = useres.stu_id where status_id = 2
[0mGET /front/getUseres?joinTable=dept [32m200 [0m7.908 ms - -[0m
[0mGET /FRONT/index.html [36m304 [0m1.656 ms - -[0m
[0mGET /FRONT/css/reset.min.css [36m304 [0m5.735 ms - -[0m
[0mGET /FRONT/css/framework7.min.css [36m304 [0m5.905 ms - -[0m
[0mGET /FRONT/css/mystyle.css [36m304 [0m6.734 ms - -[0m
[0mGET /FRONT/js/jquery-1.7.2.min.js [36m304 [0m6.388 ms - -[0m
[0mGET /FRONT/img/icon/reminders.png [36m304 [0m2.929 ms - -[0m
[0mGET /FRONT/img/icon/textedit.png [36m304 [0m3.178 ms - -[0m
[0mGET /FRONT/img/icon/message.png [36m304 [0m3.623 ms - -[0m
[0mGET /FRONT/img/icon/ibook.png [36m304 [0m4.931 ms - -[0m
[0mGET /FRONT/img/icon/tips.png [36m304 [0m5.368 ms - -[0m
[0mGET /FRONT/img/icon/finder.png [36m304 [0m5.248 ms - -[0m
[0mGET /FRONT/favicon.ico [36m304 [0m1.429 ms - -[0m
[0mGET /FRONT/favicon.ico [36m304 [0m0.611 ms - -[0m
[0mGET /FRONT/favicon.ico [36m304 [0m0.768 ms - -[0m
[0mGET /FRONT/img/301.GIF [36m304 [0m1.219 ms - -[0m
[0mGET /FRONT/favicon.ico [36m304 [0m0.853 ms - -[0m
[0mGET /FRONT/js/main.js?_=1451150757879 [32m200 [0m1.761 ms - 10330[0m
[0mGET /FRONT/js/jquery.cookie.js?_=1451150757977 [32m200 [0m1.233 ms - 3121[0m
[0mGET /FRONT/js/framework7.min.js?_=1451150758031 [32m200 [0m2.029 ms - 211925[0m
[0mGET /FRONT/js/framework7.min.js.map [33m404 [0m36.977 ms - 895[0m
[0mGET /FRONT/js/my-app.js?_=1451150758137 [32m200 [0m2.336 ms - 27215[0m
[0mGET /FRONT/template/templates.tpl [36m304 [0m0.898 ms - -[0m
[0mGET /FRONT/img/loading-gray.GIF [36m304 [0m3.017 ms - -[0m
[0mGET /FRONT/jsondata/user.json?username=201286250124&password=123456 [36m304 [0m3.945 ms - -[0m
[0mGET /FRONT/pages/attendence/work-attendance.html [36m304 [0m0.964 ms - -[0m
[0mGET /FRONT/pages/attendence/meeting-check.html [36m304 [0m0.743 ms - -[0m
joinTable ====>dept
req.query=====>[object Object]
sql=====>select * from useres join dept on dept.id = useres.dept_id join student on student.id = useres.stu_id where status_id = 2
[0mGET /front/getUseres?joinTable=dept [32m200 [0m3.043 ms - -[0m
[0mGET /FRONT/index.html [36m304 [0m0.727 ms - -[0m
[0mGET /FRONT/css/reset.min.css [36m304 [0m0.781 ms - -[0m
[0mGET /FRONT/css/framework7.min.css [36m304 [0m4.014 ms - -[0m
[0mGET /FRONT/css/mystyle.css [36m304 [0m4.245 ms - -[0m
[0mGET /FRONT/js/jquery-1.7.2.min.js [36m304 [0m3.155 ms - -[0m
[0mGET /FRONT/img/icon/reminders.png [36m304 [0m0.675 ms - -[0m
[0mGET /FRONT/img/icon/textedit.png [36m304 [0m1.860 ms - -[0m
[0mGET /FRONT/img/icon/message.png [36m304 [0m1.847 ms - -[0m
[0mGET /FRONT/img/icon/ibook.png [36m304 [0m1.802 ms - -[0m
[0mGET /FRONT/img/icon/tips.png [36m304 [0m2.860 ms - -[0m
[0mGET /FRONT/img/icon/finder.png [36m304 [0m1.467 ms - -[0m
[0mGET /FRONT/favicon.ico [36m304 [0m0.610 ms - -[0m
[0mGET /FRONT/favicon.ico [36m304 [0m1.485 ms - -[0m
[0mGET /FRONT/favicon.ico [36m304 [0m0.745 ms - -[0m
[0mGET /FRONT/img/301.GIF [36m304 [0m0.803 ms - -[0m
[0mGET /FRONT/favicon.ico [36m304 [0m0.896 ms - -[0m
[0mGET /FRONT/js/main.js?_=1451150838063 [32m200 [0m1.185 ms - 10330[0m
[0mGET /FRONT/js/jquery.cookie.js?_=1451150838181 [32m200 [0m1.656 ms - 3121[0m
[0mGET /FRONT/js/framework7.min.js?_=1451150838244 [32m200 [0m1.564 ms - 211925[0m
[0mGET /FRONT/js/framework7.min.js.map [33m404 [0m37.939 ms - 895[0m
[0mGET /FRONT/js/my-app.js?_=1451150838351 [32m200 [0m1.139 ms - 27253[0m
[0mGET /FRONT/template/templates.tpl [36m304 [0m0.957 ms - -[0m
[0mGET /FRONT/img/loading-gray.GIF [36m304 [0m0.832 ms - -[0m
[0mGET /FRONT/jsondata/user.json?username=201286250124&password=123456 [36m304 [0m0.776 ms - -[0m
[0mGET /FRONT/pages/attendence/work-attendance.html [36m304 [0m0.950 ms - -[0m
[0mGET /FRONT/pages/attendence/meeting-check.html [36m304 [0m1.725 ms - -[0m
joinTable ====>dept
req.query=====>[object Object]
sql=====>select * from useres join dept on dept.id = useres.dept_id join student on student.id = useres.stu_id where status_id = 2
[0mGET /front/getUseres?joinTable=dept [32m200 [0m3.768 ms - -[0m
[0mGET /FRONT/index.html [36m304 [0m1.770 ms - -[0m
[0mGET /FRONT/css/reset.min.css [36m304 [0m14.419 ms - -[0m
[0mGET /FRONT/css/framework7.min.css [36m304 [0m4.459 ms - -[0m
[0mGET /FRONT/css/mystyle.css [36m304 [0m4.796 ms - -[0m
[0mGET /FRONT/js/jquery-1.7.2.min.js [36m304 [0m5.264 ms - -[0m
[0mGET /FRONT/img/icon/reminders.png [36m304 [0m2.553 ms - -[0m
[0mGET /FRONT/img/icon/textedit.png [36m304 [0m1.626 ms - -[0m
[0mGET /FRONT/img/icon/ibook.png [36m304 [0m2.051 ms - -[0m
[0mGET /FRONT/img/icon/message.png [36m304 [0m7.887 ms - -[0m
[0mGET /FRONT/img/icon/tips.png [36m304 [0m2.708 ms - -[0m
[0mGET /FRONT/img/icon/finder.png [36m304 [0m2.109 ms - -[0m
[0mGET /FRONT/favicon.ico [36m304 [0m0.709 ms - -[0m
[0mGET /FRONT/favicon.ico [36m304 [0m0.695 ms - -[0m
[0mGET /FRONT/favicon.ico [36m304 [0m0.746 ms - -[0m
[0mGET /FRONT/img/301.GIF [36m304 [0m0.742 ms - -[0m
[0mGET /FRONT/favicon.ico [36m304 [0m1.824 ms - -[0m
[0mGET /FRONT/js/main.js?_=1451151112899 [32m200 [0m1.912 ms - 10330[0m
[0mGET /FRONT/js/jquery.cookie.js?_=1451151112976 [32m200 [0m1.123 ms - 3121[0m
[0mGET /FRONT/js/framework7.min.js?_=1451151113009 [32m200 [0m0.999 ms - 211925[0m
[0mGET /FRONT/js/framework7.min.js.map [33m404 [0m12.551 ms - 895[0m
[0mGET /FRONT/js/my-app.js?_=1451151113123 [32m200 [0m1.408 ms - 27250[0m
[0mGET /FRONT/template/templates.tpl [36m304 [0m0.774 ms - -[0m
[0mGET /FRONT/img/loading-gray.GIF [36m304 [0m1.692 ms - -[0m
[0mGET /FRONT/jsondata/user.json?username=201286250124&password=123456 [36m304 [0m2.068 ms - -[0m
[0mGET /FRONT/pages/attendence/work-attendance.html [36m304 [0m0.681 ms - -[0m
[0mGET /FRONT/pages/attendence/meeting-check.html [36m304 [0m0.992 ms - -[0m
joinTable ====>dept
req.query=====>[object Object]
sql=====>select * from useres join dept on dept.id = useres.dept_id join student on student.id = useres.stu_id where status_id = 2
[0mGET /front/getUseres?joinTable=dept [32m200 [0m5.543 ms - -[0m
[0mGET /FRONT/index.html [36m304 [0m0.936 ms - -[0m
[0mGET /FRONT/css/reset.min.css [36m304 [0m5.283 ms - -[0m
[0mGET /FRONT/css/framework7.min.css [36m304 [0m3.467 ms - -[0m
[0mGET /FRONT/css/mystyle.css [36m304 [0m3.631 ms - -[0m
[0mGET /FRONT/js/jquery-1.7.2.min.js [36m304 [0m5.949 ms - -[0m
[0mGET /FRONT/favicon.ico [36m304 [0m6.750 ms - -[0m
[0mGET /FRONT/img/icon/textedit.png [36m304 [0m5.417 ms - -[0m
[0mGET /FRONT/img/icon/message.png [36m304 [0m5.557 ms - -[0m
[0mGET /FRONT/img/icon/tips.png [36m304 [0m4.361 ms - -[0m
[0mGET /FRONT/img/icon/ibook.png [36m304 [0m5.878 ms - -[0m
[0mGET /FRONT/img/icon/finder.png [36m304 [0m4.832 ms - -[0m
[0mGET /FRONT/img/icon/reminders.png [36m304 [0m9.403 ms - -[0m
[0mGET /FRONT/favicon.ico [36m304 [0m0.712 ms - -[0m
[0mGET /FRONT/favicon.ico [36m304 [0m1.273 ms - -[0m
[0mGET /FRONT/img/301.GIF [36m304 [0m0.994 ms - -[0m
[0mGET /FRONT/favicon.ico [36m304 [0m1.386 ms - -[0m
[0mGET /FRONT/js/main.js?_=1451151319426 [32m200 [0m1.760 ms - 10330[0m
[0mGET /FRONT/js/jquery.cookie.js?_=1451151319557 [32m200 [0m1.174 ms - 3121[0m
[0mGET /FRONT/js/framework7.min.js?_=1451151319619 [32m200 [0m1.194 ms - 211925[0m
[0mGET /FRONT/js/framework7.min.js.map [33m404 [0m17.309 ms - 895[0m
[0mGET /FRONT/js/my-app.js?_=1451151319709 [32m200 [0m1.057 ms - 27323[0m
[0mGET /FRONT/template/templates.tpl [36m304 [0m2.387 ms - -[0m
[0mGET /FRONT/img/loading-gray.GIF [36m304 [0m4.947 ms - -[0m
[0mGET /FRONT/jsondata/user.json?username=201286250124&password=123456 [36m304 [0m6.804 ms - -[0m
[0mGET /FRONT/pages/attendence/work-attendance.html [36m304 [0m0.756 ms - -[0m
[0mGET /FRONT/pages/attendence/meeting-check.html [36m304 [0m0.829 ms - -[0m
joinTable ====>dept
req.query=====>[object Object]
sql=====>select * from useres join dept on dept.id = useres.dept_id join student on student.id = useres.stu_id where status_id = 2
[0mGET /front/getUseres?joinTable=dept [32m200 [0m2.687 ms - -[0m
[0mGET /FRONT/pages/attendence/evening-check.html [32m200 [0m16.382 ms - 778[0m
[0mGET /FRONT/jsondata/dormitory.json [32m200 [0m16.879 ms - 841[0m
[0mGET /FRONT/jsondata/dormitory.json [36m304 [0m1.186 ms - -[0m
[0mGET /FRONT/pages/attendence/morning-check.html [32m200 [0m21.695 ms - 835[0m
[0mGET /FRONT/jsondata/dormitory.json [36m304 [0m0.991 ms - -[0m
[0mGET /FRONT/pages/contact/contact.html [36m304 [0m1.653 ms - -[0m
joinTable ====>student
req.query=====>[object Object]
sql=====>select * from useres join student on student.id = useres.stu_id where status_id = 2
[0mGET /front/getUseres?joinTable=student [32m200 [0m4.349 ms - -[0m
[0mGET /FRONT/pages/attendence/work-attendance.html [36m304 [0m7.825 ms - -[0m
[0mGET /FRONT/pages/attendence/lesson-check-1.html [32m200 [0m15.631 ms - 7289[0m
